<?xml version="1.0" encoding="UTF-8"?>
<!-- Generated by org.testng.reporters.JUnitXMLReporter -->
<testsuite ignored="0" hostname="AlexJency" failures="0" tests="5" name="ZenfraAutomationTest" time="362.228" errors="0" timestamp="2022-05-25T16:01:29 IST">
  <testcase classname="com.zenfradashboard.testcases.DashboardTest" name="verifyaddChart" time="53.332"/>
  <testcase classname="com.zenfradashboard.testcases.DashboardTest" name="verifyAddChartCancel" time="67.178"/>
  <testcase classname="com.zenfradashboard.testcases.DashboardTest" name="exportToPDF" time="114.215"/>
  <testcase classname="com.zenfradashboard.testcases.DashboardTest" name="exportTOPPTX" time="104.747"/>
  <testcase classname="com.zenfradashboard.testcases.DashboardTest" name="verifyRemoveChart" time="2.324"/>
</testsuite> <!-- ZenfraAutomationTest -->
