<?xml version="1.0" encoding="UTF-8"?>
<!-- Generated by org.testng.reporters.JUnitXMLReporter -->
<testsuite ignored="0" hostname="AlexJency" failures="0" tests="9" name="Default test" time="210.946" errors="0" timestamp="2022-05-28T14:35:26 IST">
  <testcase classname="com.zenfradashboard.testcases.DiscoveryTest" name="verifyReportLoading" time="71.598"/>
  <testcase classname="com.zenfradashboard.testcases.DiscoveryTest" name="verifyToatalColmun" time="0.074"/>
  <testcase classname="com.zenfradashboard.testcases.DiscoveryTest" name="verifyPinnedState" time="0.062"/>
  <testcase classname="com.zenfradashboard.testcases.DiscoveryTest" name="verifyColSortAscending" time="1.43"/>
  <testcase classname="com.zenfradashboard.testcases.DiscoveryTest" name="verifyColSortDecending" time="1.332"/>
  <testcase classname="com.zenfradashboard.testcases.DiscoveryTest" name="verifyFilterRecords" time="1.171"/>
  <testcase classname="com.zenfradashboard.testcases.DiscoveryTest" name="hideColmunsAndVerify" time="94.067"/>
  <testcase classname="com.zenfradashboard.testcases.DiscoveryTest" name="verifyExcelExportOptions" time="0.641"/>
  <testcase classname="com.zenfradashboard.testcases.DiscoveryTest" name="exportDataAsExccel" time="4.132"/>
</testsuite> <!-- Default test -->
