<?xml version="1.0" encoding="UTF-8"?>
<testng-results ignored="0" total="1" passed="1" failed="0" skipped="0">
  <reporter-output>
  </reporter-output>
  <suite started-at="2022-05-26T11:50:16 IST" name="Default suite" finished-at="2022-05-26T11:53:14 IST" duration-ms="178164">
    <groups>
    </groups>
    <test started-at="2022-05-26T11:50:16 IST" name="Default test" finished-at="2022-05-26T11:53:14 IST" duration-ms="178164">
      <class name="com.zenfradashboard.testcases.DiscoveryTest">
        <test-method is-config="true" signature="setUp()[pri:0, instance:com.zenfradashboard.testcases.DiscoveryTest@342c38f8]" started-at="2022-05-26T11:50:16 IST" name="setUp" finished-at="2022-05-26T11:50:54 IST" duration-ms="38281" status="PASS">
          <reporter-output>
          </reporter-output>
        </test-method> <!-- setUp -->
        <test-method signature="verifyReportLoading()[pri:0, instance:com.zenfradashboard.testcases.DiscoveryTest@342c38f8]" started-at="2022-05-26T11:50:54 IST" name="verifyReportLoading" finished-at="2022-05-26T11:53:14 IST" duration-ms="139826" status="PASS">
          <reporter-output>
          </reporter-output>
        </test-method> <!-- verifyReportLoading -->
      </class> <!-- com.zenfradashboard.testcases.DiscoveryTest -->
    </test> <!-- Default test -->
  </suite> <!-- Default suite -->
</testng-results>
