<?xml version="1.0" encoding="UTF-8"?>
<testng-results ignored="0" total="5" passed="5" failed="0" skipped="0">
  <reporter-output>
  </reporter-output>
  <suite started-at="2022-05-25T15:55:27 IST" name="ZenfraAutomationTest" finished-at="2022-05-25T16:01:29 IST" duration-ms="362228">
    <groups>
    </groups>
    <test started-at="2022-05-25T15:55:27 IST" name="ZenfraAutomationTest" finished-at="2022-05-25T16:01:29 IST" duration-ms="362228">
      <class name="com.zenfradashboard.testcases.DashboardTest">
        <test-method is-config="true" signature="setUp()[pri:0, instance:com.zenfradashboard.testcases.DashboardTest@54bff557]" started-at="2022-05-25T15:55:27 IST" name="setUp" finished-at="2022-05-25T15:55:46 IST" duration-ms="19371" status="PASS">
          <reporter-output>
          </reporter-output>
        </test-method> <!-- setUp -->
        <test-method is-config="true" signature="moveToHome()[pri:0, instance:com.zenfradashboard.testcases.DashboardTest@54bff557]" started-at="2022-05-25T15:55:46 IST" name="moveToHome" finished-at="2022-05-25T15:55:46 IST" duration-ms="129" status="PASS">
          <reporter-output>
          </reporter-output>
        </test-method> <!-- moveToHome -->
        <test-method signature="verifyaddChart()[pri:1, instance:com.zenfradashboard.testcases.DashboardTest@54bff557]" started-at="2022-05-25T15:55:46 IST" name="verifyaddChart" finished-at="2022-05-25T15:56:40 IST" duration-ms="53332" status="PASS">
          <reporter-output>
          </reporter-output>
        </test-method> <!-- verifyaddChart -->
        <test-method is-config="true" signature="moveToHome()[pri:0, instance:com.zenfradashboard.testcases.DashboardTest@54bff557]" started-at="2022-05-25T15:56:40 IST" name="moveToHome" finished-at="2022-05-25T15:56:40 IST" duration-ms="267" status="PASS">
          <reporter-output>
          </reporter-output>
        </test-method> <!-- moveToHome -->
        <test-method signature="verifyAddChartCancel()[pri:2, instance:com.zenfradashboard.testcases.DashboardTest@54bff557]" started-at="2022-05-25T15:56:40 IST" name="verifyAddChartCancel" finished-at="2022-05-25T15:57:47 IST" duration-ms="67178" status="PASS">
          <reporter-output>
          </reporter-output>
        </test-method> <!-- verifyAddChartCancel -->
        <test-method is-config="true" signature="moveToHome()[pri:0, instance:com.zenfradashboard.testcases.DashboardTest@54bff557]" started-at="2022-05-25T15:57:47 IST" name="moveToHome" finished-at="2022-05-25T15:57:47 IST" duration-ms="194" status="PASS">
          <reporter-output>
          </reporter-output>
        </test-method> <!-- moveToHome -->
        <test-method signature="exportToPDF()[pri:3, instance:com.zenfradashboard.testcases.DashboardTest@54bff557]" started-at="2022-05-25T15:57:47 IST" name="exportToPDF" finished-at="2022-05-25T15:59:42 IST" duration-ms="114215" status="PASS">
          <reporter-output>
          </reporter-output>
        </test-method> <!-- exportToPDF -->
        <test-method is-config="true" signature="moveToHome()[pri:0, instance:com.zenfradashboard.testcases.DashboardTest@54bff557]" started-at="2022-05-25T15:59:42 IST" name="moveToHome" finished-at="2022-05-25T15:59:42 IST" duration-ms="193" status="PASS">
          <reporter-output>
          </reporter-output>
        </test-method> <!-- moveToHome -->
        <test-method signature="exportTOPPTX()[pri:4, instance:com.zenfradashboard.testcases.DashboardTest@54bff557]" started-at="2022-05-25T15:59:42 IST" name="exportTOPPTX" finished-at="2022-05-25T16:01:26 IST" duration-ms="104747" status="PASS">
          <reporter-output>
          </reporter-output>
        </test-method> <!-- exportTOPPTX -->
        <test-method is-config="true" signature="moveToHome()[pri:0, instance:com.zenfradashboard.testcases.DashboardTest@54bff557]" started-at="2022-05-25T16:01:26 IST" name="moveToHome" finished-at="2022-05-25T16:01:27 IST" duration-ms="200" status="PASS">
          <reporter-output>
          </reporter-output>
        </test-method> <!-- moveToHome -->
        <test-method signature="verifyRemoveChart()[pri:5, instance:com.zenfradashboard.testcases.DashboardTest@54bff557]" started-at="2022-05-25T16:01:27 IST" name="verifyRemoveChart" finished-at="2022-05-25T16:01:29 IST" duration-ms="2324" status="PASS">
          <reporter-output>
          </reporter-output>
        </test-method> <!-- verifyRemoveChart -->
        <test-method is-config="true" signature="tearDown()[pri:0, instance:com.zenfradashboard.testcases.DashboardTest@54bff557]" started-at="2022-05-25T16:01:29 IST" name="tearDown" finished-at="2022-05-25T16:01:29 IST" duration-ms="1" status="PASS">
          <reporter-output>
          </reporter-output>
        </test-method> <!-- tearDown -->
      </class> <!-- com.zenfradashboard.testcases.DashboardTest -->
    </test> <!-- ZenfraAutomationTest -->
  </suite> <!-- ZenfraAutomationTest -->
</testng-results>
